iMPACT Version: 14.7

iMPACT log file Started on Fri May 30 05:28:28 2014

Welcome to iMPACT
iMPACT Version: 14.7
Project: /home/ajit/Documents/UntitledFolder/HDMI2USB-master/ise//auto_project.ipf created.
// *** BATCH CMD : setMode -bs
// *** BATCH CMD : setCable -port xsvf -file"/home/ajit/Documents/main/HDMI2USB-master/ise/changed FSM_62.xsvf"
// *** BATCH CMD : addDevice -p 1 -file"/home/ajit/Documents/main/HDMI2USB-master/ise/hdmi2usb.bit"
'1': Loading file '/home/ajit/Documents/main/HDMI2USB-master/ise/hdmi2usb.bit'...
done.
INFO:iMPACT:1777 - 
   Reading /opt/Xilinx/14.7/ISE_DS/ISE/spartan6/data/xc6slx45.bsd...
INFO:iMPACT:2257 - Startup Clock has been changed to 'JtagClk' in the bitstream   stored in memory,
   but the original bitstream file remains unchanged.
UserID read from the bitstream file = 0xFFFFFFFF.
Data width read from the bitstream file = 1.
INFO:iMPACT:501 - '1': Added Device xc6slx45 successfully.
----------------------------------------------------------------------
INFO:iMPACT - Current time: 30/05/14 5:30 AM
// *** BATCH CMD : Program -p 1 

'1': Programming device...
PROGRESS_START - Starting Operation.
 LCK_cycle = NoWait.
LCK cycle: NoWait
done.
INFO:iMPACT:579 - '1': Completed downloading bit file to device.
INFO:iMPACT:188 - '1': Programming completed successfully.
 LCK_cycle = NoWait.
LCK cycle: NoWait
INFO:iMPACT - '1': Checking done pin....done.
'1': Programmed successfully.
PROGRESS_END - End Operation.
Elapsed time =      3 sec.
Project: '/home/ajit/Documents/UntitledFolder/HDMI2USB-master/ise//auto_project.ipf' created.
// *** BATCH CMD : setMode -bs
// *** BATCH CMD : setMode -ss
// *** BATCH CMD : setMode -sm
// *** BATCH CMD : setMode -hw140
// *** BATCH CMD : setMode -spi
// *** BATCH CMD : setMode -acecf
// *** BATCH CMD : setMode -acempm
// *** BATCH CMD : setMode -pff
// *** BATCH CMD : setMode -bs
// *** BATCH CMD : saveProjectFile -file "/home/ajit/Documents/UntitledFolder/HDMI2USB-master/ise//auto_project.ipf"
// *** BATCH CMD : setMode -bs
// *** BATCH CMD : deleteDevice -position 1
// *** BATCH CMD : setMode -bs
// *** BATCH CMD : setMode -ss
// *** BATCH CMD : setMode -sm
// *** BATCH CMD : setMode -hw140
// *** BATCH CMD : setMode -spi
// *** BATCH CMD : setMode -acecf
// *** BATCH CMD : setMode -acempm
// *** BATCH CMD : setMode -pff
Welcome to iMPACT
iMPACT Version: 14.7
Project: '/home/ajit/Documents/UntitledFolder/HDMI2USB-master/ise//auto_project.ipf' already exists.
Original project has been renamed to '/home/ajit/Documents/UntitledFolder/HDMI2USB-master/ise//auto_project_1.ipf'.
Project: /home/ajit/Documents/UntitledFolder/HDMI2USB-master/ise//auto_project.ipf created.
// *** BATCH CMD : setMode -bs
// *** BATCH CMD : setCable -port xsvf -file"/home/ajit/Documents/main/HDMI2USB-master/ise/changedFSM_62.xsvf"
// *** BATCH CMD : addDevice -p 1 -file"/home/ajit/Documents/main/HDMI2USB-master/ise/hdmi2usb.bit"
'1': Loading file '/home/ajit/Documents/main/HDMI2USB-master/ise/hdmi2usb.bit'...
done.
INFO:iMPACT:1777 - 
   Reading /opt/Xilinx/14.7/ISE_DS/ISE/spartan6/data/xc6slx45.bsd...
INFO:iMPACT:2257 - Startup Clock has been changed to 'JtagClk' in the bitstream   stored in memory,
   but the original bitstream file remains unchanged.
UserID read from the bitstream file = 0xFFFFFFFF.
Data width read from the bitstream file = 1.
INFO:iMPACT:501 - '1': Added Device xc6slx45 successfully.
----------------------------------------------------------------------
INFO:iMPACT - Current time: 30/05/14 5:31 AM
// *** BATCH CMD : Program -p 1 

'1': Programming device...
PROGRESS_START - Starting Operation.
 LCK_cycle = NoWait.
LCK cycle: NoWait
done.
INFO:iMPACT:579 - '1': Completed downloading bit file to device.
INFO:iMPACT:188 - '1': Programming completed successfully.
 LCK_cycle = NoWait.
LCK cycle: NoWait
INFO:iMPACT - '1': Checking done pin....done.
'1': Programmed successfully.
PROGRESS_END - End Operation.
Elapsed time =      3 sec.
